mode: set
github.com/smartelink/celeritas/mailer/mail.go:56.32,57.6 1 1
github.com/smartelink/celeritas/mailer/mail.go:57.6,60.17 3 1
github.com/smartelink/celeritas/mailer/mail.go:60.17,62.4 1 1
github.com/smartelink/celeritas/mailer/mail.go:62.9,64.4 1 1
github.com/smartelink/celeritas/mailer/mail.go:70.40,71.81 1 1
github.com/smartelink/celeritas/mailer/mail.go:74.2,74.31 1 1
github.com/smartelink/celeritas/mailer/mail.go:71.81,73.3 1 1
github.com/smartelink/celeritas/mailer/mail.go:78.45,79.15 1 1
github.com/smartelink/celeritas/mailer/mail.go:80.42,81.36 1 0
github.com/smartelink/celeritas/mailer/mail.go:82.10,83.91 1 1
github.com/smartelink/celeritas/mailer/mail.go:89.66,90.20 1 1
github.com/smartelink/celeritas/mailer/mail.go:94.2,94.24 1 1
github.com/smartelink/celeritas/mailer/mail.go:98.2,107.16 3 1
github.com/smartelink/celeritas/mailer/mail.go:111.2,112.16 2 0
github.com/smartelink/celeritas/mailer/mail.go:116.2,117.16 2 0
github.com/smartelink/celeritas/mailer/mail.go:121.2,130.16 3 0
github.com/smartelink/celeritas/mailer/mail.go:134.2,135.16 2 0
github.com/smartelink/celeritas/mailer/mail.go:139.2,139.12 1 0
github.com/smartelink/celeritas/mailer/mail.go:90.20,92.3 1 1
github.com/smartelink/celeritas/mailer/mail.go:94.24,96.3 1 1
github.com/smartelink/celeritas/mailer/mail.go:107.16,109.3 1 1
github.com/smartelink/celeritas/mailer/mail.go:112.16,114.3 1 0
github.com/smartelink/celeritas/mailer/mail.go:117.16,119.3 1 0
github.com/smartelink/celeritas/mailer/mail.go:130.16,132.3 1 0
github.com/smartelink/celeritas/mailer/mail.go:135.16,137.3 1 0
github.com/smartelink/celeritas/mailer/mail.go:143.79,144.30 1 0
github.com/smartelink/celeritas/mailer/mail.go:163.2,163.12 1 0
github.com/smartelink/celeritas/mailer/mail.go:144.30,147.37 2 0
github.com/smartelink/celeritas/mailer/mail.go:160.3,160.31 1 0
github.com/smartelink/celeritas/mailer/mail.go:147.37,150.18 3 0
github.com/smartelink/celeritas/mailer/mail.go:154.4,157.45 4 0
github.com/smartelink/celeritas/mailer/mail.go:150.18,152.5 1 0
github.com/smartelink/celeritas/mailer/mail.go:168.51,170.16 2 1
github.com/smartelink/celeritas/mailer/mail.go:174.2,175.16 2 1
github.com/smartelink/celeritas/mailer/mail.go:179.2,190.16 11 1
github.com/smartelink/celeritas/mailer/mail.go:194.2,202.30 5 1
github.com/smartelink/celeritas/mailer/mail.go:208.2,209.16 2 1
github.com/smartelink/celeritas/mailer/mail.go:213.2,213.12 1 1
github.com/smartelink/celeritas/mailer/mail.go:170.16,172.3 1 0
github.com/smartelink/celeritas/mailer/mail.go:175.16,177.3 1 0
github.com/smartelink/celeritas/mailer/mail.go:190.16,192.3 1 0
github.com/smartelink/celeritas/mailer/mail.go:202.30,203.37 1 1
github.com/smartelink/celeritas/mailer/mail.go:203.37,205.4 1 1
github.com/smartelink/celeritas/mailer/mail.go:209.16,211.3 1 1
github.com/smartelink/celeritas/mailer/mail.go:217.56,218.11 1 1
github.com/smartelink/celeritas/mailer/mail.go:219.13,220.33 1 0
github.com/smartelink/celeritas/mailer/mail.go:221.13,222.28 1 0
github.com/smartelink/celeritas/mailer/mail.go:223.14,224.29 1 1
github.com/smartelink/celeritas/mailer/mail.go:225.10,226.33 1 0
github.com/smartelink/celeritas/mailer/mail.go:231.62,235.16 3 1
github.com/smartelink/celeritas/mailer/mail.go:239.2,240.65 2 1
github.com/smartelink/celeritas/mailer/mail.go:244.2,246.16 3 1
github.com/smartelink/celeritas/mailer/mail.go:250.2,250.30 1 1
github.com/smartelink/celeritas/mailer/mail.go:235.16,237.3 1 0
github.com/smartelink/celeritas/mailer/mail.go:240.65,242.3 1 0
github.com/smartelink/celeritas/mailer/mail.go:246.16,248.3 1 0
github.com/smartelink/celeritas/mailer/mail.go:254.67,258.16 3 1
github.com/smartelink/celeritas/mailer/mail.go:262.2,263.65 2 1
github.com/smartelink/celeritas/mailer/mail.go:267.2,269.26 2 1
github.com/smartelink/celeritas/mailer/mail.go:258.16,260.3 1 0
github.com/smartelink/celeritas/mailer/mail.go:263.65,265.3 1 0
github.com/smartelink/celeritas/mailer/mail.go:273.52,281.16 3 1
github.com/smartelink/celeritas/mailer/mail.go:285.2,286.16 2 1
github.com/smartelink/celeritas/mailer/mail.go:290.2,290.18 1 1
github.com/smartelink/celeritas/mailer/mail.go:281.16,283.3 1 0
github.com/smartelink/celeritas/mailer/mail.go:286.16,288.3 1 0
